<?xml version="1.0" encoding="UTF-8" ?>
<testsuite tests="17" failures="0" name="com.kata.test.CLeapYearsUtilTest" time="0.189" errors="0" skipped="0">
  <properties>
[...]
</properties>
  <testcase classname="com.kata.test.CLeapYearsUtilTest" name="testValidateByText" time="0.042"/>
  <testcase classname="com.kata.test.CLeapYearsUtilTest" name="testReadYearsInputINIByInValidKey" time="0.131"/>
  <testcase classname="com.kata.test.CLeapYearsUtilTest" name="testValidateBySpecialChars" time="0"/>
  <testcase classname="com.kata.test.CLeapYearsUtilTest" name="testLeapYearByInValidLeapYear" time="0"/>
  <testcase classname="com.kata.test.CLeapYearsUtilTest" name="testLeapYear_DivBy400" time="0"/>
  <testcase classname="com.kata.test.CLeapYearsUtilTest" name="testReadYearsInputINIByInValidLeapYear" time="0.001"/>
  <testcase classname="com.kata.test.CLeapYearsUtilTest" name="testMain" time="0.003"/>
  <testcase classname="com.kata.test.CLeapYearsUtilTest" name="testLeapYearByValidLeapYear" time="0"/>
  <testcase classname="com.kata.test.CLeapYearsUtilTest" name="testReadYearsInputINIByValidLeapYear" time="0.005"/>
  <testcase classname="com.kata.test.CLeapYearsUtilTest" name="testLeapYear_DivBy4NotDivBy100" time="0"/>
  <testcase classname="com.kata.test.CLeapYearsUtilTest" name="testContants" time="0.002"/>
  <testcase classname="com.kata.test.CLeapYearsUtilTest" name="testLeapYear_DivBy100NotDivBy400" time="0"/>
  <testcase classname="com.kata.test.CLeapYearsUtilTest" name="testValidateByInvalidYear" time="0.002"/>
  <testcase classname="com.kata.test.CLeapYearsUtilTest" name="testReadYearsInputINIByValidFile" time="0.001"/>
  <testcase classname="com.kata.test.CLeapYearsUtilTest" name="testReadYearsInputINIByInValidFile" time="0.001"/>
  <testcase classname="com.kata.test.CLeapYearsUtilTest" name="testLeapYear_NotDivBy4" time="0"/>
  <testcase classname="com.kata.test.CLeapYearsUtilTest" name="testLeapYear_DivBy4" time="0.001"/>
</testsuite>